  Game.cpp
  GameOver.cpp
D:\Studia\Semestr III\Projekt pjc snake\SNAKE GUI v1\SFML_snake\GameOver.cpp(38,63): warning C4244: "argument": konwersja z "T" do "float", możliwa utrata danych
          with
          [
              T=unsigned int
          ]
D:\Studia\Semestr III\Projekt pjc snake\SNAKE GUI v1\SFML_snake\GameOver.cpp(45,62): warning C4244: "argument": konwersja z "T" do "float", możliwa utrata danych
          with
          [
              T=unsigned int
          ]
D:\Studia\Semestr III\Projekt pjc snake\SNAKE GUI v1\SFML_snake\GameOver.cpp(52,61): warning C4244: "argument": konwersja z "T" do "float", możliwa utrata danych
          with
          [
              T=unsigned int
          ]
D:\Studia\Semestr III\Projekt pjc snake\SNAKE GUI v1\SFML_snake\GameOver.cpp(59,61): warning C4244: "argument": konwersja z "T" do "float", możliwa utrata danych
          with
          [
              T=unsigned int
          ]
  GamePlay.cpp
D:\Studia\Semestr III\Projekt pjc snake\SNAKE GUI v1\SFML_snake\GamePlay.cpp(24,12): warning C4244: "argument": konwersja z "time_t" do "unsigned int", możliwa utrata danych
D:\Studia\Semestr III\Projekt pjc snake\SNAKE GUI v1\SFML_snake\GamePlay.cpp(25,17): warning C4305: "=": obcięcie z "double" do "float"
D:\Studia\Semestr III\Projekt pjc snake\SNAKE GUI v1\SFML_snake\GamePlay.cpp(80,61): warning C4244: "argument": konwersja z "T" do "float", możliwa utrata danych
          with
          [
              T=unsigned int
          ]
D:\Studia\Semestr III\Projekt pjc snake\SNAKE GUI v1\SFML_snake\GamePlay.cpp(84,58): warning C4244: "argument": konwersja z "T" do "float", możliwa utrata danych
          with
          [
              T=unsigned int
          ]
D:\Studia\Semestr III\Projekt pjc snake\SNAKE GUI v1\SFML_snake\GamePlay.cpp(104,59): warning C4244: "argument": konwersja z "T" do "float", możliwa utrata danych
          with
          [
              T=unsigned int
          ]
D:\Studia\Semestr III\Projekt pjc snake\SNAKE GUI v1\SFML_snake\GamePlay.cpp(110,65): warning C4244: "argument": konwersja z "T" do "float", możliwa utrata danych
          with
          [
              T=unsigned int
          ]
D:\Studia\Semestr III\Projekt pjc snake\SNAKE GUI v1\SFML_snake\GamePlay.cpp(114,102): warning C4244: "argument": konwersja z "T" do "float", możliwa utrata danych
          with
          [
              T=unsigned int
          ]
D:\Studia\Semestr III\Projekt pjc snake\SNAKE GUI v1\SFML_snake\GamePlay.cpp(114,64): warning C4244: "argument": konwersja z "T" do "float", możliwa utrata danych
          with
          [
              T=unsigned int
          ]
D:\Studia\Semestr III\Projekt pjc snake\SNAKE GUI v1\SFML_snake\GamePlay.cpp(122,67): warning C4244: "argument": konwersja z "T" do "float", możliwa utrata danych
          with
          [
              T=unsigned int
          ]
D:\Studia\Semestr III\Projekt pjc snake\SNAKE GUI v1\SFML_snake\GamePlay.cpp(227,20): warning C4305: "=": obcięcie z "double" do "float"
D:\Studia\Semestr III\Projekt pjc snake\SNAKE GUI v1\SFML_snake\GamePlay.cpp(257,44): warning C4244: "argument": konwersja z "int" do "float", możliwa utrata danych
D:\Studia\Semestr III\Projekt pjc snake\SNAKE GUI v1\SFML_snake\GamePlay.cpp(257,32): warning C4244: "argument": konwersja z "int" do "float", możliwa utrata danych
D:\Studia\Semestr III\Projekt pjc snake\SNAKE GUI v1\SFML_snake\GamePlay.cpp(271,44): warning C4244: "argument": konwersja z "int" do "float", możliwa utrata danych
D:\Studia\Semestr III\Projekt pjc snake\SNAKE GUI v1\SFML_snake\GamePlay.cpp(271,32): warning C4244: "argument": konwersja z "int" do "float", możliwa utrata danych
D:\Studia\Semestr III\Projekt pjc snake\SNAKE GUI v1\SFML_snake\GamePlay.cpp(276,47): warning C4244: "argument": konwersja z "int" do "float", możliwa utrata danych
D:\Studia\Semestr III\Projekt pjc snake\SNAKE GUI v1\SFML_snake\GamePlay.cpp(276,35): warning C4244: "argument": konwersja z "int" do "float", możliwa utrata danych
D:\Studia\Semestr III\Projekt pjc snake\SNAKE GUI v1\SFML_snake\GamePlay.cpp(293,50): warning C4244: "argument": konwersja z "int" do "float", możliwa utrata danych
D:\Studia\Semestr III\Projekt pjc snake\SNAKE GUI v1\SFML_snake\GamePlay.cpp(293,38): warning C4244: "argument": konwersja z "int" do "float", możliwa utrata danych
D:\Studia\Semestr III\Projekt pjc snake\SNAKE GUI v1\SFML_snake\GamePlay.cpp(310,44): warning C4244: "argument": konwersja z "int" do "float", możliwa utrata danych
D:\Studia\Semestr III\Projekt pjc snake\SNAKE GUI v1\SFML_snake\GamePlay.cpp(310,32): warning C4244: "argument": konwersja z "int" do "float", możliwa utrata danych
D:\Studia\Semestr III\Projekt pjc snake\SNAKE GUI v1\SFML_snake\GamePlay.cpp(317,20): warning C4305: "=": obcięcie z "double" do "float"
  MainMenu.cpp
D:\Studia\Semestr III\Projekt pjc snake\SNAKE GUI v1\SFML_snake\MainMenu.cpp(17,12): warning C4244: "argument": konwersja z "time_t" do "unsigned int", możliwa utrata danych
D:\Studia\Semestr III\Projekt pjc snake\SNAKE GUI v1\SFML_snake\MainMenu.cpp(50,64): warning C4244: "argument": konwersja z "T" do "float", możliwa utrata danych
          with
          [
              T=unsigned int
          ]
D:\Studia\Semestr III\Projekt pjc snake\SNAKE GUI v1\SFML_snake\MainMenu.cpp(57,66): warning C4244: "argument": konwersja z "T" do "float", możliwa utrata danych
          with
          [
              T=unsigned int
          ]
D:\Studia\Semestr III\Projekt pjc snake\SNAKE GUI v1\SFML_snake\MainMenu.cpp(64,66): warning C4244: "argument": konwersja z "T" do "float", możliwa utrata danych
          with
          [
              T=unsigned int
          ]
D:\Studia\Semestr III\Projekt pjc snake\SNAKE GUI v1\SFML_snake\MainMenu.cpp(71,66): warning C4244: "argument": konwersja z "T" do "float", możliwa utrata danych
          with
          [
              T=unsigned int
          ]
D:\Studia\Semestr III\Projekt pjc snake\SNAKE GUI v1\SFML_snake\MainMenu.cpp(78,65): warning C4244: "argument": konwersja z "T" do "float", możliwa utrata danych
          with
          [
              T=unsigned int
          ]
D:\Studia\Semestr III\Projekt pjc snake\SNAKE GUI v1\SFML_snake\MainMenu.cpp(84,66): warning C4244: "argument": konwersja z "T" do "float", możliwa utrata danych
          with
          [
              T=unsigned int
          ]
  PauseGame.cpp
D:\Studia\Semestr III\Projekt pjc snake\SNAKE GUI v1\SFML_snake\PauseGame.cpp(24,98): warning C4244: "argument": konwersja z "T" do "float", możliwa utrata danych
          with
          [
              T=unsigned int
          ]
D:\Studia\Semestr III\Projekt pjc snake\SNAKE GUI v1\SFML_snake\PauseGame.cpp(24,60): warning C4244: "argument": konwersja z "T" do "float", możliwa utrata danych
          with
          [
              T=unsigned int
          ]
  Ranking.cpp
D:\Studia\Semestr III\Projekt pjc snake\SNAKE GUI v1\SFML_snake\Ranking.cpp(14,12): warning C4244: "argument": konwersja z "time_t" do "unsigned int", możliwa utrata danych
D:\Studia\Semestr III\Projekt pjc snake\SNAKE GUI v1\SFML_snake\Ranking.cpp(39,59): warning C4244: "argument": konwersja z "T" do "float", możliwa utrata danych
          with
          [
              T=unsigned int
          ]
D:\Studia\Semestr III\Projekt pjc snake\SNAKE GUI v1\SFML_snake\Ranking.cpp(46,104): warning C4244: "argument": konwersja z "T" do "float", możliwa utrata danych
          with
          [
              T=unsigned int
          ]
D:\Studia\Semestr III\Projekt pjc snake\SNAKE GUI v1\SFML_snake\Ranking.cpp(46,60): warning C4244: "argument": konwersja z "T" do "float", możliwa utrata danych
          with
          [
              T=unsigned int
          ]
D:\Studia\Semestr III\Projekt pjc snake\SNAKE GUI v1\SFML_snake\Ranking.cpp(53,65): warning C4244: "argument": konwersja z "T" do "float", możliwa utrata danych
          with
          [
              T=unsigned int
          ]
D:\Studia\Semestr III\Projekt pjc snake\SNAKE GUI v1\SFML_snake\Ranking.cpp(60,54): warning C4244: "argument": konwersja z "T" do "float", możliwa utrata danych
          with
          [
              T=unsigned int
          ]
  main.cpp
  Generowanie kodu...
  SFML_snake.vcxproj -> D:\Studia\Semestr III\Projekt pjc snake\SNAKE GUI v1\SFML_snake\Debug\SFML_snake.exe
